<?xml version="1.0" encoding="UTF-8"?>
<!-- Generated by org.testng.reporters.JUnitReportReporter -->
<testsuite hostname="LAPTOP-1FDCFRQ6" failures="0" tests="4" name="api.test.UserTests" time="5.486" errors="0" timestamp="2024-07-23T09:39:42 IST" skipped="0">
  <testcase classname="api.test.UserTests" name="testPostUser" time="1.136"/>
  <testcase classname="api.test.UserTests" name="testGetUserByName" time="1.119"/>
  <testcase classname="api.test.UserTests" name="testUpdateUser" time="2.133"/>
  <testcase classname="api.test.UserTests" name="testDeleteUser" time="1.098"/>
</testsuite> <!-- api.test.UserTests -->
