<?xml version="1.0" encoding="UTF-8"?>
<!-- Generated by org.testng.reporters.JUnitReportReporter -->
<testsuite hostname="LAPTOP-1FDCFRQ6" failures="0" tests="6" name="api.test.DataDrivenTest" time="8.680" errors="0" timestamp="2024-07-23T09:39:42 IST" skipped="0">
  <testcase classname="api.test.DataDrivenTest" name="testPostUser" time="2.948"/>
  <testcase classname="api.test.DataDrivenTest" name="testPostUser" time="1.160"/>
  <testcase classname="api.test.DataDrivenTest" name="testPostUser" time="1.141"/>
  <testcase classname="api.test.DataDrivenTest" name="testDeleteUserByName" time="1.211"/>
  <testcase classname="api.test.DataDrivenTest" name="testDeleteUserByName" time="1.086"/>
  <testcase classname="api.test.DataDrivenTest" name="testDeleteUserByName" time="1.134"/>
</testsuite> <!-- api.test.DataDrivenTest -->
