<?xml version="1.0" encoding="UTF-8"?>
<!-- Generated by org.testng.reporters.JUnitReportReporter -->
<testsuite hostname="LAPTOP-1FDCFRQ6" failures="0" tests="4" name="api.test.UserTests2ForPropertiesFile" time="6.952" errors="0" timestamp="2024-07-23T09:22:05 IST" skipped="0">
  <testcase classname="api.test.UserTests2ForPropertiesFile" name="testPostUser" time="2.509"/>
  <testcase classname="api.test.UserTests2ForPropertiesFile" name="testGetUserByName" time="1.079"/>
  <testcase classname="api.test.UserTests2ForPropertiesFile" name="testUpdateUser" time="2.224"/>
  <testcase classname="api.test.UserTests2ForPropertiesFile" name="testDeleteUser" time="1.140"/>
</testsuite> <!-- api.test.UserTests2ForPropertiesFile -->
