<?xml version="1.0" encoding="UTF-8"?>
<!-- Generated by org.testng.reporters.JUnitReportReporter -->
<testsuite hostname="LAPTOP-1FDCFRQ6" failures="0" tests="4" name="api.test.UserTests" time="7.249" errors="0" timestamp="2024-07-27T22:21:10 IST" skipped="0">
  <testcase classname="api.test.UserTests" name="testPostUser" time="2.553"/>
  <testcase classname="api.test.UserTests" name="testGetUserByName" time="1.211"/>
  <testcase classname="api.test.UserTests" name="testUpdateUser" time="2.311"/>
  <testcase classname="api.test.UserTests" name="testDeleteUser" time="1.174"/>
</testsuite> <!-- api.test.UserTests -->
